2024-03-19 12:11:12,849 - INFO - TestESSLovClass - test_create_lovs - Logged in successfully
2024-03-19 12:11:30,640 - INFO - TestESSLovClass - test_create_lovs - ==============Start processing for LOV Ledger_Name_AARC_12
2024-03-19 12:11:35,994 - INFO - TestESSLovClass - test_create_lovs - End processing for LOV Ledger_Name_AARC_12
2024-03-19 12:11:39,581 - INFO - TestESSLovClass - test_create_lovs - ==============Start processing for LOV Source_AARC_12
2024-03-19 12:11:41,868 - INFO - TestESSLovClass - test_create_lovs - End processing for LOV Source_AARC_12
2024-03-19 12:11:45,093 - INFO - TestESSLovClass - test_create_lovs - ==============Start processing for LOV Period_Year_AARC_12
2024-03-19 12:11:48,122 - INFO - TestESSLovClass - test_create_lovs - End processing for LOV Period_Year_AARC_12
2024-03-19 12:11:51,386 - INFO - TestESSLovClass - test_create_lovs - ==============Start processing for LOV Period_Name_AARC_12
2024-03-19 12:11:53,951 - INFO - TestESSLovClass - test_create_lovs - End processing for LOV Period_Name_AARC_12
2024-03-19 12:11:57,435 - INFO - TestESSLovClass - test_create_lovs - ==============Start processing for LOV Status LOV_AARC_12
2024-03-19 12:12:00,242 - INFO - TestESSLovClass - test_create_lovs - End processing for LOV Status LOV_AARC_12
2024-03-19 12:12:03,864 - INFO - TestESSLovClass - test_create_lovs - ==============Start processing for LOV Batch LOV_AARC_12
2024-03-19 12:12:06,319 - INFO - TestESSLovClass - test_create_lovs - End processing for LOV Batch LOV_AARC_12
2024-03-19 12:12:09,547 - INFO - TestESSLovClass - test_create_lovs - ==============Start processing for LOV From_Period_AARC_12
2024-03-19 12:12:11,912 - INFO - TestESSLovClass - test_create_lovs - End processing for LOV From_Period_AARC_12
2024-03-19 12:12:15,401 - INFO - TestESSLovClass - test_create_lovs - ==============Start processing for LOV To_Period_AARC_12
2024-03-19 12:12:17,812 - INFO - TestESSLovClass - test_create_lovs - End processing for LOV To_Period_AARC_12
2024-03-19 12:12:17,854 - INFO - TestESSLovClass - test_create_lovs - ==============Process cmolpleted==========
2024-03-21 16:57:40,348 - INFO - TestESSLovClass - test_create_lovs - Logged in successfully
2024-03-21 18:01:50,992 - INFO - TestESSLovClass - test_create_lovs - Logged in successfully
2024-03-21 18:02:08,741 - INFO - TestESSLovClass - test_create_lovs - ==============Start processing for LOV Ledger_Name_AARC_12
2024-03-21 18:02:11,456 - INFO - TestESSLovClass - test_create_lovs - End processing for LOV Ledger_Name_AARC_12
2024-03-21 18:02:32,681 - INFO - TestESSLovClass - test_create_lovs - ==============Start processing for LOV Source_AARC_12
2024-03-21 18:02:32,731 - ERROR - TestESSLovClass - test_create_lovs - An unexpected error occurred: Message: no such window: target window already closed
from unknown error: web view not found
  (Session info: chrome=122.0.6261.129)
Stacktrace:
	GetHandleVerifier [0x00007FF66494AD22+56930]
	(No symbol) [0x00007FF6648BF622]
	(No symbol) [0x00007FF6647742E5]
	(No symbol) [0x00007FF664751D4C]
	(No symbol) [0x00007FF6647E23F7]
	(No symbol) [0x00007FF6647F7891]
	(No symbol) [0x00007FF6647DBA43]
	(No symbol) [0x00007FF6647AD438]
	(No symbol) [0x00007FF6647AE4D1]
	GetHandleVerifier [0x00007FF664CC6AAD+3709933]
	GetHandleVerifier [0x00007FF664D1FFED+4075821]
	GetHandleVerifier [0x00007FF664D1817F+4043455]
	GetHandleVerifier [0x00007FF6649E9756+706710]
	(No symbol) [0x00007FF6648CB8FF]
	(No symbol) [0x00007FF6648C6AE4]
	(No symbol) [0x00007FF6648C6C3C]
	(No symbol) [0x00007FF6648B68F4]
	BaseThreadInitThunk [0x00007FF834377344+20]
	RtlUserThreadStart [0x00007FF8347226B1+33]

Traceback (most recent call last):
  File "E:\test\tests\test_create_lovs.py", line 83, in test_create_lovs
  File "E:\ESSJobsBot\py_automate\Lib\site-packages\selenium\webdriver\support\wait.py", line 96, in until
    value = method(self._driver)
            ^^^^^^^^^^^^^^^^^^^^
  File "E:\ESSJobsBot\py_automate\Lib\site-packages\selenium\webdriver\support\expected_conditions.py", line 84, in _predicate
    return driver.find_element(*locator)
           ^^^^^^^^^^^^^^^^^^^^^^^^^^^^^
  File "E:\ESSJobsBot\py_automate\Lib\site-packages\selenium\webdriver\remote\webdriver.py", line 741, in find_element
    return self.execute(Command.FIND_ELEMENT, {"using": by, "value": value})["value"]
           ^^^^^^^^^^^^^^^^^^^^^^^^^^^^^^^^^^^^^^^^^^^^^^^^^^^^^^^^^^^^^^^^^
  File "E:\ESSJobsBot\py_automate\Lib\site-packages\selenium\webdriver\remote\webdriver.py", line 347, in execute
    self.error_handler.check_response(response)
  File "E:\ESSJobsBot\py_automate\Lib\site-packages\selenium\webdriver\remote\errorhandler.py", line 229, in check_response
    raise exception_class(message, screen, stacktrace)
selenium.common.exceptions.NoSuchWindowException: Message: no such window: target window already closed
from unknown error: web view not found
  (Session info: chrome=122.0.6261.129)
Stacktrace:
	GetHandleVerifier [0x00007FF66494AD22+56930]
	(No symbol) [0x00007FF6648BF622]
	(No symbol) [0x00007FF6647742E5]
	(No symbol) [0x00007FF664751D4C]
	(No symbol) [0x00007FF6647E23F7]
	(No symbol) [0x00007FF6647F7891]
	(No symbol) [0x00007FF6647DBA43]
	(No symbol) [0x00007FF6647AD438]
	(No symbol) [0x00007FF6647AE4D1]
	GetHandleVerifier [0x00007FF664CC6AAD+3709933]
	GetHandleVerifier [0x00007FF664D1FFED+4075821]
	GetHandleVerifier [0x00007FF664D1817F+4043455]
	GetHandleVerifier [0x00007FF6649E9756+706710]
	(No symbol) [0x00007FF6648CB8FF]
	(No symbol) [0x00007FF6648C6AE4]
	(No symbol) [0x00007FF6648C6C3C]
	(No symbol) [0x00007FF6648B68F4]
	BaseThreadInitThunk [0x00007FF834377344+20]
	RtlUserThreadStart [0x00007FF8347226B1+33]


