2024-03-25 16:10:44,428 - INFO - TestStandardESSJobClass - test_standard_ess_job - Logged in successfully
2024-03-25 16:10:55,389 - INFO - TestStandardESSJobClass - test_standard_ess_job - Start processing of job : Payables Trial Balance Report and custom job Sample_Cu3
2024-03-25 16:12:14,259 - ERROR - TestStandardESSJobClass - test_standard_ess_job - TimeoutException occurred: Message: 
Stacktrace:
	GetHandleVerifier [0x00007FF71E4EAD22+56930]
	(No symbol) [0x00007FF71E45F622]
	(No symbol) [0x00007FF71E3142E5]
	(No symbol) [0x00007FF71E3598ED]
	(No symbol) [0x00007FF71E359A2C]
	(No symbol) [0x00007FF71E39A967]
	(No symbol) [0x00007FF71E37BCDF]
	(No symbol) [0x00007FF71E3981E2]
	(No symbol) [0x00007FF71E37BA43]
	(No symbol) [0x00007FF71E34D438]
	(No symbol) [0x00007FF71E34E4D1]
	GetHandleVerifier [0x00007FF71E866AAD+3709933]
	GetHandleVerifier [0x00007FF71E8BFFED+4075821]
	GetHandleVerifier [0x00007FF71E8B817F+4043455]
	GetHandleVerifier [0x00007FF71E589756+706710]
	(No symbol) [0x00007FF71E46B8FF]
	(No symbol) [0x00007FF71E466AE4]
	(No symbol) [0x00007FF71E466C3C]
	(No symbol) [0x00007FF71E4568F4]
	BaseThreadInitThunk [0x00007FF834377344+20]
	RtlUserThreadStart [0x00007FF8347226B1+33]

Traceback (most recent call last):
  File "E:\ESSJobsBot\tests\test_copyextsingjob.py", line 74, in test_standard_ess_job
    element_explicit = wait.until(EC.presence_of_element_located((By.XPATH, "//table[tbody/tr[td[contains(text(),'Confirmation')]] and tbody/tr[td[contains(text(),'Your changes were saved.')]]]")))
                       ^^^^^^^^^^^^^^^^^^^^^^^^^^^^^^^^^^^^^^^^^^^^^^^^^^^^^^^^^^^^^^^^^^^^^^^^^^^^^^^^^^^^^^^^^^^^^^^^^^^^^^^^^^^^^^^^^^^^^^^^^^^^^^^^^^^^^^^^^^^^^^^^^^^^^^^^^^^^^^^^^^^^^^^^^^^^^^
  File "E:\ESSJobsBot\py_automate\Lib\site-packages\selenium\webdriver\support\wait.py", line 105, in until
    raise TimeoutException(message, screen, stacktrace)
selenium.common.exceptions.TimeoutException: Message: 
Stacktrace:
	GetHandleVerifier [0x00007FF71E4EAD22+56930]
	(No symbol) [0x00007FF71E45F622]
	(No symbol) [0x00007FF71E3142E5]
	(No symbol) [0x00007FF71E3598ED]
	(No symbol) [0x00007FF71E359A2C]
	(No symbol) [0x00007FF71E39A967]
	(No symbol) [0x00007FF71E37BCDF]
	(No symbol) [0x00007FF71E3981E2]
	(No symbol) [0x00007FF71E37BA43]
	(No symbol) [0x00007FF71E34D438]
	(No symbol) [0x00007FF71E34E4D1]
	GetHandleVerifier [0x00007FF71E866AAD+3709933]
	GetHandleVerifier [0x00007FF71E8BFFED+4075821]
	GetHandleVerifier [0x00007FF71E8B817F+4043455]
	GetHandleVerifier [0x00007FF71E589756+706710]
	(No symbol) [0x00007FF71E46B8FF]
	(No symbol) [0x00007FF71E466AE4]
	(No symbol) [0x00007FF71E466C3C]
	(No symbol) [0x00007FF71E4568F4]
	BaseThreadInitThunk [0x00007FF834377344+20]
	RtlUserThreadStart [0x00007FF8347226B1+33]


2024-03-25 16:12:16,291 - INFO - TestStandardESSJobClass - test_standard_ess_job - Start processing of job : Payables Trial Balance Report and custom job Sample_Cu4
2024-03-25 16:12:21,400 - ERROR - TestStandardESSJobClass - test_standard_ess_job - An unexpected error occurred: Message: no such element: Unable to locate element: {"method":"xpath","selector":"(//table[@summary='This table contains column headers corresponding to the data body table below']/tbody/tr[following-sibling::tr//div/span[text()='Name']]//input)[2]"}
  (Session info: chrome=123.0.6312.59); For documentation on this error, please visit: https://www.selenium.dev/documentation/webdriver/troubleshooting/errors#no-such-element-exception
Stacktrace:
	GetHandleVerifier [0x00007FF71E4EAD22+56930]
	(No symbol) [0x00007FF71E45F622]
	(No symbol) [0x00007FF71E3142E5]
	(No symbol) [0x00007FF71E3598ED]
	(No symbol) [0x00007FF71E359A2C]
	(No symbol) [0x00007FF71E39A967]
	(No symbol) [0x00007FF71E37BCDF]
	(No symbol) [0x00007FF71E3981E2]
	(No symbol) [0x00007FF71E37BA43]
	(No symbol) [0x00007FF71E34D438]
	(No symbol) [0x00007FF71E34E4D1]
	GetHandleVerifier [0x00007FF71E866AAD+3709933]
	GetHandleVerifier [0x00007FF71E8BFFED+4075821]
	GetHandleVerifier [0x00007FF71E8B817F+4043455]
	GetHandleVerifier [0x00007FF71E589756+706710]
	(No symbol) [0x00007FF71E46B8FF]
	(No symbol) [0x00007FF71E466AE4]
	(No symbol) [0x00007FF71E466C3C]
	(No symbol) [0x00007FF71E4568F4]
	BaseThreadInitThunk [0x00007FF834377344+20]
	RtlUserThreadStart [0x00007FF8347226B1+33]

Traceback (most recent call last):
  File "E:\ESSJobsBot\tests\test_copyextsingjob.py", line 53, in test_standard_ess_job
    search_element = self.driver.find_element(By.XPATH, "(//table[@summary='This table contains column headers corresponding to the data body table below']/tbody/tr[following-sibling::tr//div/span[text()='Name']]//input)[2]")
                     ^^^^^^^^^^^^^^^^^^^^^^^^^^^^^^^^^^^^^^^^^^^^^^^^^^^^^^^^^^^^^^^^^^^^^^^^^^^^^^^^^^^^^^^^^^^^^^^^^^^^^^^^^^^^^^^^^^^^^^^^^^^^^^^^^^^^^^^^^^^^^^^^^^^^^^^^^^^^^^^^^^^^^^^^^^^^^^^^^^^^^^^^^^^^^^^^^^^^^^^^^^^^
  File "E:\ESSJobsBot\py_automate\Lib\site-packages\selenium\webdriver\remote\webdriver.py", line 741, in find_element
    return self.execute(Command.FIND_ELEMENT, {"using": by, "value": value})["value"]
           ^^^^^^^^^^^^^^^^^^^^^^^^^^^^^^^^^^^^^^^^^^^^^^^^^^^^^^^^^^^^^^^^^
  File "E:\ESSJobsBot\py_automate\Lib\site-packages\selenium\webdriver\remote\webdriver.py", line 347, in execute
    self.error_handler.check_response(response)
  File "E:\ESSJobsBot\py_automate\Lib\site-packages\selenium\webdriver\remote\errorhandler.py", line 229, in check_response
    raise exception_class(message, screen, stacktrace)
selenium.common.exceptions.NoSuchElementException: Message: no such element: Unable to locate element: {"method":"xpath","selector":"(//table[@summary='This table contains column headers corresponding to the data body table below']/tbody/tr[following-sibling::tr//div/span[text()='Name']]//input)[2]"}
  (Session info: chrome=123.0.6312.59); For documentation on this error, please visit: https://www.selenium.dev/documentation/webdriver/troubleshooting/errors#no-such-element-exception
Stacktrace:
	GetHandleVerifier [0x00007FF71E4EAD22+56930]
	(No symbol) [0x00007FF71E45F622]
	(No symbol) [0x00007FF71E3142E5]
	(No symbol) [0x00007FF71E3598ED]
	(No symbol) [0x00007FF71E359A2C]
	(No symbol) [0x00007FF71E39A967]
	(No symbol) [0x00007FF71E37BCDF]
	(No symbol) [0x00007FF71E3981E2]
	(No symbol) [0x00007FF71E37BA43]
	(No symbol) [0x00007FF71E34D438]
	(No symbol) [0x00007FF71E34E4D1]
	GetHandleVerifier [0x00007FF71E866AAD+3709933]
	GetHandleVerifier [0x00007FF71E8BFFED+4075821]
	GetHandleVerifier [0x00007FF71E8B817F+4043455]
	GetHandleVerifier [0x00007FF71E589756+706710]
	(No symbol) [0x00007FF71E46B8FF]
	(No symbol) [0x00007FF71E466AE4]
	(No symbol) [0x00007FF71E466C3C]
	(No symbol) [0x00007FF71E4568F4]
	BaseThreadInitThunk [0x00007FF834377344+20]
	RtlUserThreadStart [0x00007FF8347226B1+33]


